<?xml version="1.0" encoding="UTF-8"?>
<!-- Generated by org.testng.reporters.JUnitReportReporter -->
<testsuite skipped="0" hostname="LAPTOP-M6K02N6J" name="testNG.ParameterizationExample" tests="1" failures="0" timestamp="2020-05-06T13:47:41 EDT" time="0.012" errors="0">
  <testcase name="printname" time="0.012" classname="testNG.ParameterizationExample"/>
  <system-out/>
</testsuite> <!-- testNG.ParameterizationExample -->
