<?xml version="1.0" encoding="UTF-8"?>
<!-- Generated by org.testng.reporters.JUnitReportReporter -->
<testsuite skipped="0" hostname="LAPTOP-M6K02N6J" name="testNG.ParallelTesting" tests="1" failures="0" timestamp="2020-05-20T14:56:24 EDT" time="23.582" errors="0">
  <testcase name="openGoogle" time="23.582" classname="testNG.ParallelTesting"/>
  <system-out/>
</testsuite> <!-- testNG.ParallelTesting -->
