<?xml version="1.0" encoding="UTF-8"?>
<!-- Generated by org.testng.reporters.JUnitReportReporter -->
<testsuite skipped="1" hostname="LAPTOP-M6K02N6J" name="testNG.SkipTestCase$DriveaBike" tests="4" failures="0" timestamp="2020-05-06T02:54:32 EDT" time="0.015" errors="0">
  <testcase name="putFirstGear" time="0.010" classname="testNG.SkipTestCase$DriveaBike"/>
  <system-out/>
  <testcase name="putSecondGear" time="0.003" classname="testNG.SkipTestCase$DriveaBike"/>
  <system-out/>
  <testcase name="putThirdGear" time="0.002" classname="testNG.SkipTestCase$DriveaBike"/>
  <system-out/>
  <testcase name="startTheBike" classname="testNG.SkipTestCase$DriveaBike">
    <skipped/>
  </testcase> <!-- startTheBike -->
  <system-out/>
</testsuite> <!-- testNG.SkipTestCase$DriveaBike -->
