<?xml version="1.0" encoding="UTF-8"?>
<!-- Generated by org.testng.reporters.JUnitReportReporter -->
<testsuite skipped="0" hostname="LAPTOP-M6K02N6J" name="opengoogle.CalendarNaveen" tests="1" failures="0" timestamp="2020-05-25T23:45:07 EDT" time="24.441" errors="0">
  <testcase name="testDAtePicker" time="24.441" classname="opengoogle.CalendarNaveen"/>
  <system-out/>
</testsuite> <!-- opengoogle.CalendarNaveen -->
