<?xml version="1.0" encoding="UTF-8"?>
<!-- Generated by org.testng.reporters.JUnitReportReporter -->
<testsuite skipped="0" hostname="LAPTOP-M6K02N6J" name="testNG.GroupingExample" tests="2" failures="0" timestamp="2020-05-13T13:46:31 EDT" time="0.026" errors="0">
  <testcase name="Apple2" time="0.013" classname="testNG.GroupingExample"/>
  <system-out/>
  <testcase name="Apple1" time="0.013" classname="testNG.GroupingExample"/>
  <system-out/>
</testsuite> <!-- testNG.GroupingExample -->
