<?xml version="1.0" encoding="UTF-8"?>
<!-- Generated by org.testng.reporters.JUnitReportReporter -->
<testsuite skipped="0" hostname="LAPTOP-M6K02N6J" name="testNG.DependanciesManagement" tests="3" failures="0" timestamp="2020-05-06T02:54:32 EDT" time="0.010" errors="0">
  <testcase name="highSchool" time="0.002" classname="testNG.DependanciesManagement"/>
  <system-out/>
  <testcase name="HigherSecondary" time="0.002" classname="testNG.DependanciesManagement"/>
  <system-out/>
  <testcase name="Engineering" time="0.006" classname="testNG.DependanciesManagement"/>
  <system-out/>
</testsuite> <!-- testNG.DependanciesManagement -->
