<?xml version="1.0" encoding="UTF-8"?>
<!-- Generated by org.testng.reporters.JUnitReportReporter -->
<testsuite skipped="0" hostname="LAPTOP-M6K02N6J" name="testNG.SuiteExample" tests="3" failures="0" timestamp="2020-05-06T02:54:32 EDT" time="60.832" errors="0">
  <testcase name="openYahoo" time="18.675" classname="testNG.SuiteExample"/>
  <system-out/>
  <testcase name="openBing" time="16.809" classname="testNG.SuiteExample"/>
  <system-out/>
  <testcase name="openGoogle" time="25.348" classname="testNG.SuiteExample"/>
  <system-out/>
</testsuite> <!-- testNG.SuiteExample -->
