<?xml version="1.0" encoding="UTF-8"?>
<!-- Generated by org.testng.reporters.JUnitReportReporter -->
<testsuite skipped="0" hostname="LAPTOP-M6K02N6J" name="testNG.DriveaBike" tests="4" failures="0" timestamp="2020-05-06T02:54:32 EDT" time="0.018" errors="0">
  <testcase name="startTheBike" time="0.005" classname="testNG.DriveaBike"/>
  <system-out/>
  <testcase name="putFirstGear" time="0.003" classname="testNG.DriveaBike"/>
  <system-out/>
  <testcase name="putSecondGear" time="0.003" classname="testNG.DriveaBike"/>
  <system-out/>
  <testcase name="putThirdGear" time="0.007" classname="testNG.DriveaBike"/>
  <system-out/>
</testsuite> <!-- testNG.DriveaBike -->
