<?xml version="1.0" encoding="UTF-8"?>
<!-- Generated by org.testng.reporters.JUnitReportReporter -->
<testsuite skipped="0" hostname="LAPTOP-M6K02N6J" name="testNG.SimpleTestCase" tests="4" failures="0" timestamp="2020-05-05T02:14:30 EDT" time="0.021" errors="0">
  <testcase name="SecondTestCase" time="0.003" classname="testNG.SimpleTestCase"/>
  <system-out/>
  <testcase name="firstTestCase" time="0.001" classname="testNG.SimpleTestCase"/>
  <system-out/>
  <testcase name="FourthTestCase" time="0.015" classname="testNG.SimpleTestCase"/>
  <system-out/>
  <testcase name="ThirdTestCase" time="0.002" classname="testNG.SimpleTestCase"/>
  <system-out/>
</testsuite> <!-- testNG.SimpleTestCase -->
